<?xml version="1.0" encoding="UTF-8"?>
<!-- Generated by org.testng.reporters.JUnitReportReporter -->
<testsuite hostname="DESKTOP-CCR1U42" failures="0" tests="2" name="TestNG.Demofirst" time="41.489" errors="0" timestamp="2023-09-23T11:34:15 IST" skipped="0">
  <testcase classname="TestNG.Demofirst" name="adc" time="21.106"/>
  <testcase classname="TestNG.Demofirst" name="aaa" time="20.383"/>
</testsuite> <!-- TestNG.Demofirst -->
