<?xml version="1.0" encoding="UTF-8"?>
<!-- Generated by org.testng.reporters.JUnitReportReporter -->
<testsuite hostname="DESKTOP-CCR1U42" failures="0" tests="1" name="TestNG.Flipkart_TestNg" time="33.974" errors="0" timestamp="2023-09-30T11:43:28 IST" skipped="0">
  <testcase classname="TestNG.Flipkart_TestNg" name="Searchitem" time="33.974"/>
</testsuite> <!-- TestNG.Flipkart_TestNg -->
