<?xml version="1.0" encoding="UTF-8"?>
<!-- Generated by org.testng.reporters.JUnitReportReporter -->
<testsuite hostname="DESKTOP-CCR1U42" failures="0" tests="2" name="SEl_MaVclass1.Mav_Class1" time="32.588" errors="0" timestamp="2023-07-15T00:27:02 PDT" skipped="0">
  <testcase classname="SEl_MaVclass1.Mav_Class1" name="firefox" time="19.488"/>
  <testcase classname="SEl_MaVclass1.Mav_Class1" name="chrome" time="13.100"/>
</testsuite> <!-- SEl_MaVclass1.Mav_Class1 -->
