<?xml version="1.0" encoding="UTF-8"?>
<!-- Generated by org.testng.reporters.JUnitReportReporter -->
<testsuite hostname="DESKTOP-CCR1U42" failures="0" tests="2" name="TestNG.Demo2" time="18.431" errors="0" timestamp="2023-09-23T11:34:15 IST" skipped="1">
  <testcase classname="TestNG.Demo2" name="adc" time="18.431"/>
  <testcase classname="TestNG.Demo2" name="aaa">
    <skipped/>
  </testcase> <!-- aaa -->
</testsuite> <!-- TestNG.Demo2 -->
